{"email":"ehsan.heydari@gmail.com","level":"info","message":"Password reset code requested","timestamp":"2025-06-04T04:55:35.549Z","userId":"cmbhgh4ov0000ryf3mmrqjqn5"}
{"email":"ehsan.heydari@gmail.com","level":"info","message":"Password reset successful","timestamp":"2025-06-04T04:56:21.268Z","userId":"cmbhgh4ov0000ryf3mmrqjqn5"}
{"email":"ehsan.heydari@gmail.com","level":"info","message":"Password reset code requested","timestamp":"2025-06-04T05:06:35.590Z","userId":"cmbhgh4ov0000ryf3mmrqjqn5"}
{"email":"ehsan.heydari@gmail.com","level":"info","message":"Password reset code requested","timestamp":"2025-06-04T05:22:21.140Z","userId":"cmbhgh4ov0000ryf3mmrqjqn5"}
{"email":"ehsan.heydari@gmail.com","level":"info","message":"Password reset code requested","timestamp":"2025-06-04T05:25:02.197Z","userId":"cmbhgh4ov0000ryf3mmrqjqn5"}
{"email":"ehsan.heydari@gmail.com","level":"info","message":"Recovery code verified","timestamp":"2025-06-04T05:25:22.425Z"}
{"email":"ehsan.heydari@gmail.com","level":"info","message":"Recovery code verified","timestamp":"2025-06-04T05:26:37.980Z"}
{"email":"ehsan.heydari@gmail.com","level":"info","message":"Password reset code requested","timestamp":"2025-06-04T05:29:03.214Z","userId":"cmbhgh4ov0000ryf3mmrqjqn5"}
{"email":"ehsan.heydari@gmail.com","level":"info","message":"Recovery code verified","timestamp":"2025-06-04T05:29:32.080Z"}
{"email":"ehsan.heydari@gmail.com","level":"info","message":"Recovery code verified","timestamp":"2025-06-04T05:29:32.189Z"}
{"email":"ehsan.heydari@gmail.com","level":"info","message":"Recovery code verified","timestamp":"2025-06-04T05:29:32.193Z"}
{"email":"ehsan.heydari@gmail.com","level":"info","message":"Password reset code requested","timestamp":"2025-06-04T05:30:20.446Z","userId":"cmbhgh4ov0000ryf3mmrqjqn5"}
{"email":"ehsan.heydari@gmail.com","level":"info","message":"Recovery code verified","timestamp":"2025-06-04T05:31:03.787Z"}
{"email":"ehsan.heydari@gmail.com","level":"info","message":"Recovery code verified","timestamp":"2025-06-04T05:31:03.877Z"}
{"email":"ehsan.heydari@gmail.com","level":"info","message":"Recovery code verified","timestamp":"2025-06-04T05:31:03.882Z"}
{"email":"ehsan.heydari@gmail.com","level":"info","message":"Password reset code requested","timestamp":"2025-06-04T05:34:00.179Z","userId":"cmbhgh4ov0000ryf3mmrqjqn5"}
{"email":"ehsan.heydari@gmail.com","level":"info","message":"Password reset code requested","timestamp":"2025-06-04T20:07:45.435Z","userId":"cmbhgh4ov0000ryf3mmrqjqn5"}
{"email":"ehsan.heydari@gmail.com","level":"info","message":"Recovery code verified","timestamp":"2025-06-04T20:08:19.230Z"}
{"email":"ehsan.heydari@gmail.com","level":"info","message":"Recovery code verified","timestamp":"2025-06-04T20:08:19.793Z"}
{"email":"ehsan.heydari@gmail.com","level":"info","message":"Recovery code verified","timestamp":"2025-06-04T20:08:19.796Z"}
{"email":"ehsan.heydari@gmail.com","level":"info","message":"Password reset code requested","timestamp":"2025-06-04T20:10:54.942Z","userId":"cmbhgh4ov0000ryf3mmrqjqn5"}
{"email":"ehsan.heydari@gmail.com","level":"info","message":"Recovery code verified","timestamp":"2025-06-04T20:11:12.600Z"}
{"email":"ehsan.heydari@gmail.com","level":"info","message":"Recovery code verified","timestamp":"2025-06-04T20:11:12.718Z"}
{"email":"ehsan.heydari@gmail.com","level":"info","message":"Recovery code verified","timestamp":"2025-06-04T20:11:12.721Z"}
{"email":"ehsan.heydari@gmail.com","level":"info","message":"Password reset code requested","timestamp":"2025-06-05T03:39:08.555Z","userId":"cmbitrxkw0000ryecrp277t9p"}
{"email":"ehsan.heydari@gmail.com","level":"info","message":"Recovery code verified","timestamp":"2025-06-05T03:39:24.233Z"}
{"email":"ehsan.heydari@gmail.com","level":"info","message":"Recovery code verified","timestamp":"2025-06-05T03:39:24.921Z"}
{"email":"ehsan.heydari@gmail.com","level":"info","message":"Recovery code verified","timestamp":"2025-06-05T03:39:24.927Z"}
{"email":"ehsan.heydari@gmail.com","level":"info","message":"Password reset code requested","timestamp":"2025-06-05T03:40:07.098Z","userId":"cmbitrxkw0000ryecrp277t9p"}
{"email":"ehsan.heydari@gmail.com","level":"info","message":"Recovery code verified","timestamp":"2025-06-05T03:40:20.064Z"}
{"email":"ehsan.heydari@gmail.com","level":"info","message":"Recovery code verified","timestamp":"2025-06-05T03:40:20.142Z"}
{"email":"ehsan.heydari@gmail.com","level":"info","message":"Recovery code verified","timestamp":"2025-06-05T03:40:20.156Z"}
{"email":"ehsan.heydari@gmail.com","level":"info","message":"Password reset code requested","timestamp":"2025-06-05T04:55:29.690Z","userId":"cmbiwhf7w0000ryigwza1sfga"}
{"email":"ehsan.heydari@gmail.com","level":"info","message":"Recovery code verified","timestamp":"2025-06-05T04:55:51.848Z"}
{"email":"ehsan.heydari@gmail.com","level":"info","message":"Recovery code verified","timestamp":"2025-06-05T04:55:52.555Z"}
{"email":"ehsan.heydari@gmail.com","level":"info","message":"Recovery code verified","timestamp":"2025-06-05T04:55:52.558Z"}
{"email":"ehsan.heydari@gmail.com","level":"info","message":"Password reset code requested","timestamp":"2025-06-05T04:59:49.597Z","userId":"cmbiwhf7w0000ryigwza1sfga"}
{"email":"ehsan.heydari@gmail.com","level":"info","message":"Recovery code verified","timestamp":"2025-06-05T05:00:05.549Z"}
{"email":"ehsan.heydari@gmail.com","level":"info","message":"Recovery code verified","timestamp":"2025-06-05T05:00:05.639Z"}
{"email":"ehsan.heydari@gmail.com","level":"info","message":"Recovery code verified","timestamp":"2025-06-05T05:00:05.646Z"}
{"email":"ehsan.heydari@gmail.com","level":"info","message":"Password reset code requested","timestamp":"2025-06-05T05:00:37.922Z","userId":"cmbiwhf7w0000ryigwza1sfga"}
{"email":"ehsan.heydari@gmail.com","level":"info","message":"Recovery code verified","timestamp":"2025-06-05T05:00:55.924Z"}
{"email":"ehsan.heydari@gmail.com","level":"info","message":"Recovery code verified","timestamp":"2025-06-05T05:00:56.015Z"}
{"email":"ehsan.heydari@gmail.com","level":"info","message":"Recovery code verified","timestamp":"2025-06-05T05:00:56.016Z"}
{"email":"ehsan.heydari@gmail.com","level":"info","message":"Password reset code requested","timestamp":"2025-06-05T05:03:07.605Z","userId":"cmbiwhf7w0000ryigwza1sfga"}
{"email":"ehsan.heydari@gmail.com","level":"info","message":"Recovery code verified","timestamp":"2025-06-05T05:03:21.896Z"}
{"email":"ehsan.heydari@gmail.com","level":"info","message":"Recovery code verified","timestamp":"2025-06-05T05:03:21.985Z"}
{"email":"ehsan.heydari@gmail.com","level":"info","message":"Recovery code verified","timestamp":"2025-06-05T05:03:21.988Z"}
{"email":"ehsan22@gmail.com","level":"info","message":"Verification code verified","timestamp":"2025-06-05T05:49:21.355Z"}
{"email":"ehsan44@gmail.com","level":"info","message":"Verification code verified","timestamp":"2025-06-05T05:52:13.948Z"}
{"email":"ehsan.heydari@gmail.com","level":"info","message":"Password reset code requested","timestamp":"2025-06-05T05:54:39.198Z","userId":"cmbiwhf7w0000ryigwza1sfga"}
{"email":"ehsan.heydari@gmail.com","level":"info","message":"Password reset code requested","timestamp":"2025-06-05T05:55:50.285Z","userId":"cmbiwhf7w0000ryigwza1sfga"}
{"email":"ehsan.heydari@gmail.com","level":"info","message":"Verification code verified","timestamp":"2025-06-05T05:57:06.628Z"}
{"email":"ehsan.heydari@gmail.com","level":"info","message":"Verification code verified","timestamp":"2025-06-05T05:57:07.156Z"}
{"email":"ehsan.heydari@gmail.com","level":"info","message":"Verification code verified","timestamp":"2025-06-05T05:57:07.162Z"}
{"email":"ehsan.heydari@gmail.com","level":"info","message":"Password reset code requested","timestamp":"2025-06-05T23:13:12.621Z","userId":"cmbiwhf7w0000ryigwza1sfga"}
{"email":"ehsan.heydari@gmail.com","level":"info","message":"Verification code verified","timestamp":"2025-06-05T23:13:36.967Z"}
{"email":"ehsan.heydari@gmail.com","level":"info","message":"Verification code verified","timestamp":"2025-06-05T23:13:37.475Z"}
{"email":"ehsan.heydari@gmail.com","level":"info","message":"Verification code verified","timestamp":"2025-06-05T23:13:37.480Z"}
{"email":"ehsan@gmail.com","level":"info","message":"Verification code verified","timestamp":"2025-06-05T23:14:46.520Z"}
{"email":"ehsan@gmail.com","level":"info","message":"Verification code verified","timestamp":"2025-06-06T04:43:15.360Z"}
{"email":"ehsan.heydari@gmail.com","level":"info","message":"Verification code verified","timestamp":"2025-06-08T19:46:45.790Z"}
{"email":"ehsan@gmail.com","level":"info","message":"Verification code verified","timestamp":"2025-06-08T21:21:08.784Z"}
{"email":"ehsan24@gmail.com","level":"info","message":"Verification code verified","timestamp":"2025-06-08T21:33:13.868Z"}
{"email":"ehsan4@gmail.com","level":"info","message":"Verification code verified","timestamp":"2025-06-08T22:03:28.082Z"}
{"email":"ehsan6@gmail.com","level":"info","message":"Verification code verified","timestamp":"2025-06-08T22:09:29.843Z"}
{"email":"ehsan90@gmail.com","level":"info","message":"Verification code verified","timestamp":"2025-06-08T22:17:09.461Z"}
{"email":"ehsan00@gmail.com","level":"info","message":"Verification code verified","timestamp":"2025-06-08T22:24:09.975Z"}
{"email":"ehsan@gmail.com","level":"info","message":"Verification code verified","timestamp":"2025-06-08T22:34:01.881Z"}
{"email":"ehsann@gmail.com","level":"info","message":"Verification code verified","timestamp":"2025-06-08T22:36:20.213Z"}
{"email":"ehsan26@gmail.com","level":"info","message":"Verification code verified","timestamp":"2025-06-08T23:03:49.691Z"}
{"email":"ehsan65@gmail.com","level":"info","message":"Verification code verified","timestamp":"2025-06-08T23:18:02.700Z"}
{"email":"eehsan@gmail.com","level":"info","message":"Verification code verified","timestamp":"2025-06-09T01:43:41.703Z"}
{"email":"ehsan.heydari@gmail.com","level":"info","message":"Password reset code requested","timestamp":"2025-06-09T04:02:57.771Z","userId":"cmbokeftl0002ry9ujbmxomfd"}
{"email":"ehsan.heydari@gmail.com","level":"info","message":"Verification code verified","timestamp":"2025-06-09T04:03:19.517Z"}
{"email":"ehsan.heydari@gmail.com","level":"info","message":"Verification code verified","timestamp":"2025-06-09T04:03:20.066Z"}
{"email":"ehsan.heydari@gmail.com","level":"info","message":"Verification code verified","timestamp":"2025-06-09T04:03:20.072Z"}
